Start testing: Dec 16 23:02 UTC
----------------------------------------------------------
1/1 Testing: FunctionInfoTest
1/1 Test: FunctionInfoTest
Command: "/usr/local/bin/lit" "-v" "/mnt/build/test"
Directory: /mnt/build/test
"FunctionInfoTest" start time: Dec 16 23:02 UTC
Output:
----------------------------------------------------------
-- Testing: 4 tests, 4 workers --
UNRESOLVED: FunctionInfo :: Loop.ll (1 of 4)
******************** TEST 'FunctionInfo :: Loop.ll' FAILED ********************
Test has no 'RUN:' line
********************
UNRESOLVED: FunctionInfo :: Fibonacci.ll (2 of 4)
******************** TEST 'FunctionInfo :: Fibonacci.ll' FAILED ********************
Test has no 'RUN:' line
********************
PASS: FunctionInfo :: Loop.c (3 of 4)
FAIL: FunctionInfo :: Fibonacci.c (4 of 4)
******************** TEST 'FunctionInfo :: Fibonacci.c' FAILED ********************
Script:
--
: 'RUN: at line 1';   /usr/lib/llvm-12/bin/clang -O2 -S -emit-llvm -c /mnt/test/Fibonacci.c -o Fibonacci.c.ll
: 'RUN: at line 2';   /usr/lib/llvm-12/bin/opt -load /mnt/build/lib/libFunctionInfo.so -function-info -disable-output 2>&1 Fibonacci.c.ll |  /usr/lib/llvm-12/bin/FileCheck --match-full-lines /mnt/test/Fibonacci.c
--
Exit Code: 2

Command Output (stdout):
--
$ ":" "RUN: at line 1"
$ "/usr/lib/llvm-12/bin/clang" "-O2" "-S" "-emit-llvm" "-c" "/mnt/test/Fibonacci.c" "-o" "Fibonacci.c.ll"
$ ":" "RUN: at line 2"
$ "/usr/lib/llvm-12/bin/opt" "-load" "/mnt/build/lib/libFunctionInfo.so" "-function-info" "-disable-output" "Fibonacci.c.ll"
# command output:
Function Name: printf
Number of Arguments: 1
Number of Calls: 2
Number of BBs: 1
Number of Instructions: 10
Function Name: llvm.lifetime.start.p0i8
Number of Arguments: 2
Number of Calls: 1
Number of BBs: 0
Number of Instructions: 0
Function Name: llvm.va_start
Number of Arguments: 1
Number of Calls: 1
Number of BBs: 0
Number of Instructions: 0
Function Name: vfprintf
Number of Arguments: 3
Number of Calls: 1
Number of BBs: 0
Number of Instructions: 0
Function Name: llvm.va_end
Number of Arguments: 1
Number of Calls: 1
Number of BBs: 0
Number of Instructions: 0
Function Name: llvm.lifetime.end.p0i8
Number of Arguments: 2
Number of Calls: 1
Number of BBs: 0
Number of Instructions: 0
Function Name: Fibonacci
Number of Arguments: 1
Number of Calls: 1
Number of BBs: 5
Number of Instructions: 15

$ "/usr/lib/llvm-12/bin/FileCheck" "--match-full-lines" "/mnt/test/Fibonacci.c"
# command stderr:
error: no check strings found with prefix 'CHECK:'

error: command failed with exit status: 2

--

********************
********************
Unresolved Tests (2):
  FunctionInfo :: Fibonacci.ll
  FunctionInfo :: Loop.ll

********************
Failed Tests (1):
  FunctionInfo :: Fibonacci.c


Testing Time: 0.06s
  Passed    : 1
  Unresolved: 2
  Failed    : 1
<end of output>
Test time =   0.15 sec
----------------------------------------------------------
Test Failed.
"FunctionInfoTest" end time: Dec 16 23:02 UTC
"FunctionInfoTest" time elapsed: 00:00:00
----------------------------------------------------------

End testing: Dec 16 23:02 UTC
