Start testing: Jan 07 11:10 UTC
----------------------------------------------------------
1/1 Testing: LocalOptsTest
1/1 Test: LocalOptsTest
Command: "/usr/local/bin/lit" "-v" "/mnt/build/test"
Directory: /mnt/build/test
"LocalOptsTest" start time: Jan 07 11:10 UTC
Output:
----------------------------------------------------------
-- Testing: 1 tests, 1 workers --
FAIL: LocalOpts :: foo.ll (1 of 1)
******************** TEST 'LocalOpts :: foo.ll' FAILED ********************
Script:
--
: 'RUN: at line 1';   /usr/lib/llvm-12/bin/opt -S -load /mnt/build/lib/libLocalOpts.so      -algebraic-identity -strength-reduction -multi-inst-opt      /mnt/test/foo.ll -o foo.ll
: 'RUN: at line 4';   /usr/lib/llvm-12/bin/FileCheck --match-full-lines /mnt/test/foo.ll --input-file=foo.ll
--
Exit Code: -11

Command Output (stdout):
--
$ ":" "RUN: at line 1"
$ "/usr/lib/llvm-12/bin/opt" "-S" "-load" "/mnt/build/lib/libLocalOpts.so" "-algebraic-identity" "-strength-reduction" "-multi-inst-opt" "/mnt/test/foo.ll" "-o" "foo.ll"
# command stderr:
PLEASE submit a bug report to https://bugs.llvm.org/ and include the crash backtrace.
Stack dump:
0.	Program arguments: /usr/lib/llvm-12/bin/opt -S -load /mnt/build/lib/libLocalOpts.so -algebraic-identity -strength-reduction -multi-inst-opt /mnt/test/foo.ll -o foo.ll
1.	Running pass 'Function Pass Manager' on module '/mnt/test/foo.ll'.
2.	Running pass 'CSCD70: Algebraic Identity' on function '@foo'
 #0 0x00007f8899f4f871 llvm::sys::PrintStackTrace(llvm::raw_ostream&, int) (/lib/x86_64-linux-gnu/libLLVM-12.so.1+0xd26871)
 #1 0x00007f8899f4d9a0 llvm::sys::RunSignalHandlers() (/lib/x86_64-linux-gnu/libLLVM-12.so.1+0xd249a0)
 #2 0x00007f8899f4ff82 (/lib/x86_64-linux-gnu/libLLVM-12.so.1+0xd26f82)
 #3 0x00007f889921a420 __restore_rt (/lib/x86_64-linux-gnu/libpthread.so.0+0x14420)
 #4 0x00007f8896d71bf2 llvm::Value::getValueID() const (/mnt/build/lib/libLocalOpts.so+0x6bf2)
 #5 0x00007f8896d71cfc llvm::Instruction::getOpcode() const (/mnt/build/lib/libLocalOpts.so+0x6cfc)
 #6 0x00007f8896d71d1e llvm::Instruction::isBinaryOp() const (/mnt/build/lib/libLocalOpts.so+0x6d1e)
 #7 0x00007f8896d70fdb (anonymous namespace)::AlgebraicIdentity::runOnBB(llvm::BasicBlock&) (/mnt/build/lib/libLocalOpts.so+0x5fdb)
 #8 0x00007f8896d7153f (anonymous namespace)::AlgebraicIdentity::runOnFunction(llvm::Function&) (/mnt/build/lib/libLocalOpts.so+0x653f)
 #9 0x00007f889a0834f0 llvm::FPPassManager::runOnFunction(llvm::Function&) (/lib/x86_64-linux-gnu/libLLVM-12.so.1+0xe5a4f0)
#10 0x00007f889a0890a3 llvm::FPPassManager::runOnModule(llvm::Module&) (/lib/x86_64-linux-gnu/libLLVM-12.so.1+0xe600a3)
#11 0x00007f889a083af8 llvm::legacy::PassManagerImpl::run(llvm::Module&) (/lib/x86_64-linux-gnu/libLLVM-12.so.1+0xe5aaf8)
#12 0x00000000004328bf main (/usr/lib/llvm-12/bin/opt+0x4328bf)
#13 0x00007f8898cec083 __libc_start_main (/lib/x86_64-linux-gnu/libc.so.6+0x24083)
#14 0x000000000041e68e _start (/usr/lib/llvm-12/bin/opt+0x41e68e)

error: command failed with exit status: -11

--

********************
********************
Failed Tests (1):
  LocalOpts :: foo.ll


Testing Time: 0.20s
  Failed: 1
<end of output>
Test time =   0.32 sec
----------------------------------------------------------
Test Failed.
"LocalOptsTest" end time: Jan 07 11:10 UTC
"LocalOptsTest" time elapsed: 00:00:00
----------------------------------------------------------

End testing: Jan 07 11:10 UTC
